/*C1*/SET SCHEMA SYSTEM_LOBS
INSERT INTO BLOCKS VALUES(0,2147483647,0)
COMMIT
/*C2*/SET SCHEMA PUBLIC
DROP TABLE IF EXISTS CtaCte
DROP TABLE IF EXISTS Usuario
CREATE TABLE IF NOT EXISTS Usuario (IdUsuario varchar(50), Contrase\u00f1a varchar(200), PRIMARY KEY (IdUsuario))
CREATE TABLE IF NOT EXISTS CtaCte (Deudor varchar(50), Acreedor varchar(50), Importe float, FOREIGN KEY(Deudor) REFERENCES Usuario(IdUsuario) , FOREIGN KEY(Acreedor) REFERENCES Usuario(IdUsuario))
DISCONNECT
/*C3*/SET SCHEMA PUBLIC
INSERT INTO USUARIO VALUES('@delucas','123456')
COMMIT
INSERT INTO USUARIO VALUES('@juan','123456')
COMMIT
INSERT INTO USUARIO VALUES('@maria','123456')
COMMIT
DISCONNECT
/*C4*/SET SCHEMA PUBLIC
DROP TABLE IF EXISTS CtaCte
DROP TABLE IF EXISTS Usuario
CREATE TABLE IF NOT EXISTS Usuario (IdUsuario varchar(50), Contrase\u00f1a varchar(200), PRIMARY KEY (IdUsuario))
CREATE TABLE IF NOT EXISTS CtaCte (Deudor varchar(50), Acreedor varchar(50), Importe float, FOREIGN KEY(Deudor) REFERENCES Usuario(IdUsuario) , FOREIGN KEY(Acreedor) REFERENCES Usuario(IdUsuario))
DISCONNECT
/*C5*/SET SCHEMA PUBLIC
INSERT INTO USUARIO VALUES('@delucas','123456')
COMMIT
INSERT INTO USUARIO VALUES('@juan','123456')
COMMIT
INSERT INTO USUARIO VALUES('@maria','123456')
COMMIT
DISCONNECT
/*C6*/SET SCHEMA PUBLIC
DROP TABLE IF EXISTS CtaCte
DROP TABLE IF EXISTS Usuario
CREATE TABLE IF NOT EXISTS Usuario (IdUsuario varchar(50), Contrase\u00f1a varchar(200), PRIMARY KEY (IdUsuario))
CREATE TABLE IF NOT EXISTS CtaCte (Deudor varchar(50), Acreedor varchar(50), Importe float, FOREIGN KEY(Deudor) REFERENCES Usuario(IdUsuario) , FOREIGN KEY(Acreedor) REFERENCES Usuario(IdUsuario))
DISCONNECT
/*C7*/SET SCHEMA PUBLIC
INSERT INTO USUARIO VALUES('@delucas','123456')
COMMIT
INSERT INTO USUARIO VALUES('@juan','123456')
COMMIT
INSERT INTO USUARIO VALUES('@maria','123456')
COMMIT
DISCONNECT
/*C8*/SET SCHEMA PUBLIC
DROP TABLE IF EXISTS CtaCte
DROP TABLE IF EXISTS Usuario
CREATE TABLE IF NOT EXISTS Usuario (IdUsuario varchar(50), Contrase\u00f1a varchar(200), PRIMARY KEY (IdUsuario))
CREATE TABLE IF NOT EXISTS CtaCte (Deudor varchar(50), Acreedor varchar(50), Importe float, FOREIGN KEY(Deudor) REFERENCES Usuario(IdUsuario) , FOREIGN KEY(Acreedor) REFERENCES Usuario(IdUsuario))
DISCONNECT
/*C9*/SET SCHEMA PUBLIC
INSERT INTO USUARIO VALUES('@delucas','123456')
COMMIT
INSERT INTO USUARIO VALUES('@juan','123456')
COMMIT
INSERT INTO USUARIO VALUES('@maria','123456')
COMMIT
DISCONNECT
/*C10*/SET SCHEMA PUBLIC
DROP TABLE IF EXISTS CtaCte
DROP TABLE IF EXISTS Usuario
CREATE TABLE IF NOT EXISTS Usuario (IdUsuario varchar(50), Contrase\u00f1a varchar(200), PRIMARY KEY (IdUsuario))
CREATE TABLE IF NOT EXISTS CtaCte (Deudor varchar(50), Acreedor varchar(50), Importe float, FOREIGN KEY(Deudor) REFERENCES Usuario(IdUsuario) , FOREIGN KEY(Acreedor) REFERENCES Usuario(IdUsuario))
DISCONNECT
/*C11*/SET SCHEMA PUBLIC
INSERT INTO USUARIO VALUES('@delucas','123456')
COMMIT
INSERT INTO USUARIO VALUES('@juan','123456')
COMMIT
INSERT INTO USUARIO VALUES('@maria','123456')
COMMIT
DISCONNECT
/*C12*/SET SCHEMA PUBLIC
DROP TABLE IF EXISTS CtaCte
DROP TABLE IF EXISTS Usuario
CREATE TABLE IF NOT EXISTS Usuario (IdUsuario varchar(50), Contrase\u00f1a varchar(200), PRIMARY KEY (IdUsuario))
CREATE TABLE IF NOT EXISTS CtaCte (Deudor varchar(50), Acreedor varchar(50), Importe float, FOREIGN KEY(Deudor) REFERENCES Usuario(IdUsuario) , FOREIGN KEY(Acreedor) REFERENCES Usuario(IdUsuario))
DISCONNECT
/*C13*/SET SCHEMA PUBLIC
INSERT INTO USUARIO VALUES('@delucas','123456')
COMMIT
INSERT INTO USUARIO VALUES('@juan','123456')
COMMIT
INSERT INTO USUARIO VALUES('@maria','123456')
COMMIT
DISCONNECT
/*C14*/SET SCHEMA PUBLIC
DROP TABLE IF EXISTS CtaCte
DROP TABLE IF EXISTS Usuario
CREATE TABLE IF NOT EXISTS Usuario (IdUsuario varchar(50), Contrase\u00f1a varchar(200), PRIMARY KEY (IdUsuario))
CREATE TABLE IF NOT EXISTS CtaCte (Deudor varchar(50), Acreedor varchar(50), Importe float, FOREIGN KEY(Deudor) REFERENCES Usuario(IdUsuario) , FOREIGN KEY(Acreedor) REFERENCES Usuario(IdUsuario))
DISCONNECT
/*C15*/SET SCHEMA PUBLIC
INSERT INTO USUARIO VALUES('@delucas','123456')
COMMIT
INSERT INTO USUARIO VALUES('@juan','123456')
COMMIT
INSERT INTO USUARIO VALUES('@maria','123456')
COMMIT
DISCONNECT
/*C16*/SET SCHEMA PUBLIC
DROP TABLE IF EXISTS CtaCte
DROP TABLE IF EXISTS Usuario
CREATE TABLE IF NOT EXISTS Usuario (IdUsuario varchar(50), Contrase\u00f1a varchar(200), PRIMARY KEY (IdUsuario))
CREATE TABLE IF NOT EXISTS CtaCte (Deudor varchar(50), Acreedor varchar(50), Importe float, FOREIGN KEY(Deudor) REFERENCES Usuario(IdUsuario) , FOREIGN KEY(Acreedor) REFERENCES Usuario(IdUsuario))
DISCONNECT
/*C17*/SET SCHEMA PUBLIC
INSERT INTO USUARIO VALUES('@delucas','123456')
COMMIT
INSERT INTO USUARIO VALUES('@juan','123456')
COMMIT
INSERT INTO USUARIO VALUES('@maria','123456')
COMMIT
DISCONNECT
/*C18*/SET SCHEMA PUBLIC
DROP TABLE IF EXISTS CtaCte
DROP TABLE IF EXISTS Usuario
CREATE TABLE IF NOT EXISTS Usuario (IdUsuario varchar(50), Contrase\u00f1a varchar(200), PRIMARY KEY (IdUsuario))
CREATE TABLE IF NOT EXISTS CtaCte (Deudor varchar(50), Acreedor varchar(50), Importe float, FOREIGN KEY(Deudor) REFERENCES Usuario(IdUsuario) , FOREIGN KEY(Acreedor) REFERENCES Usuario(IdUsuario))
DISCONNECT
/*C19*/SET SCHEMA PUBLIC
INSERT INTO USUARIO VALUES('@delucas','123456')
COMMIT
INSERT INTO USUARIO VALUES('@juan','123456')
COMMIT
INSERT INTO USUARIO VALUES('@maria','123456')
COMMIT
DISCONNECT
/*C20*/SET SCHEMA PUBLIC
DROP TABLE IF EXISTS CtaCte
DROP TABLE IF EXISTS Usuario
CREATE TABLE IF NOT EXISTS Usuario (IdUsuario varchar(50), Contrase\u00f1a varchar(200), PRIMARY KEY (IdUsuario))
CREATE TABLE IF NOT EXISTS CtaCte (Deudor varchar(50), Acreedor varchar(50), Importe float, FOREIGN KEY(Deudor) REFERENCES Usuario(IdUsuario) , FOREIGN KEY(Acreedor) REFERENCES Usuario(IdUsuario))
DISCONNECT
/*C21*/SET SCHEMA PUBLIC
INSERT INTO USUARIO VALUES('@delucas','123456')
COMMIT
INSERT INTO USUARIO VALUES('@juan','123456')
COMMIT
INSERT INTO USUARIO VALUES('@maria','123456')
COMMIT
DISCONNECT
/*C22*/SET SCHEMA PUBLIC
DROP TABLE IF EXISTS CtaCte
DROP TABLE IF EXISTS Usuario
CREATE TABLE IF NOT EXISTS Usuario (IdUsuario varchar(50), Contrase\u00f1a varchar(200), PRIMARY KEY (IdUsuario))
CREATE TABLE IF NOT EXISTS CtaCte (Deudor varchar(50), Acreedor varchar(50), Importe float, FOREIGN KEY(Deudor) REFERENCES Usuario(IdUsuario) , FOREIGN KEY(Acreedor) REFERENCES Usuario(IdUsuario))
DISCONNECT
/*C23*/SET SCHEMA PUBLIC
INSERT INTO USUARIO VALUES('@delucas','123456')
COMMIT
INSERT INTO USUARIO VALUES('@juan','123456')
COMMIT
INSERT INTO USUARIO VALUES('@maria','123456')
COMMIT
DISCONNECT
/*C24*/SET SCHEMA PUBLIC
DROP TABLE IF EXISTS CtaCte
DROP TABLE IF EXISTS Usuario
CREATE TABLE IF NOT EXISTS Usuario (IdUsuario varchar(50), Contrase\u00f1a varchar(200), PRIMARY KEY (IdUsuario))
CREATE TABLE IF NOT EXISTS CtaCte (Deudor varchar(50), Acreedor varchar(50), Importe float, FOREIGN KEY(Deudor) REFERENCES Usuario(IdUsuario) , FOREIGN KEY(Acreedor) REFERENCES Usuario(IdUsuario))
DISCONNECT
/*C25*/SET SCHEMA PUBLIC
INSERT INTO USUARIO VALUES('@delucas','123456')
COMMIT
INSERT INTO USUARIO VALUES('@juan','123456')
COMMIT
INSERT INTO USUARIO VALUES('@maria','123456')
COMMIT
DISCONNECT
/*C26*/SET SCHEMA PUBLIC
DROP TABLE IF EXISTS CtaCte
DROP TABLE IF EXISTS Usuario
CREATE TABLE IF NOT EXISTS Usuario (IdUsuario varchar(50), Contrase\u00f1a varchar(200), PRIMARY KEY (IdUsuario))
CREATE TABLE IF NOT EXISTS CtaCte (Deudor varchar(50), Acreedor varchar(50), Importe float, FOREIGN KEY(Deudor) REFERENCES Usuario(IdUsuario) , FOREIGN KEY(Acreedor) REFERENCES Usuario(IdUsuario))
DISCONNECT
/*C27*/SET SCHEMA PUBLIC
INSERT INTO USUARIO VALUES('@delucas','123456')
COMMIT
INSERT INTO USUARIO VALUES('@juan','123456')
COMMIT
INSERT INTO USUARIO VALUES('@maria','123456')
COMMIT
DISCONNECT
/*C28*/SET SCHEMA PUBLIC
DROP TABLE IF EXISTS CtaCte
DROP TABLE IF EXISTS Usuario
CREATE TABLE IF NOT EXISTS Usuario (IdUsuario varchar(50), Contrase\u00f1a varchar(200), PRIMARY KEY (IdUsuario))
CREATE TABLE IF NOT EXISTS CtaCte (Deudor varchar(50), Acreedor varchar(50), Importe float, FOREIGN KEY(Deudor) REFERENCES Usuario(IdUsuario) , FOREIGN KEY(Acreedor) REFERENCES Usuario(IdUsuario))
DISCONNECT
/*C29*/SET SCHEMA PUBLIC
INSERT INTO USUARIO VALUES('@delucas','123456')
COMMIT
INSERT INTO USUARIO VALUES('@juan','123456')
COMMIT
INSERT INTO USUARIO VALUES('@maria','123456')
COMMIT
DISCONNECT
/*C30*/SET SCHEMA PUBLIC
DROP TABLE IF EXISTS CtaCte
DROP TABLE IF EXISTS Usuario
CREATE TABLE IF NOT EXISTS Usuario (IdUsuario varchar(50), Contrase\u00f1a varchar(200), PRIMARY KEY (IdUsuario))
CREATE TABLE IF NOT EXISTS CtaCte (Deudor varchar(50), Acreedor varchar(50), Importe float, FOREIGN KEY(Deudor) REFERENCES Usuario(IdUsuario) , FOREIGN KEY(Acreedor) REFERENCES Usuario(IdUsuario))
DISCONNECT
/*C31*/SET SCHEMA PUBLIC
INSERT INTO USUARIO VALUES('@delucas','123456')
COMMIT
INSERT INTO USUARIO VALUES('@juan','123456')
COMMIT
INSERT INTO USUARIO VALUES('@maria','123456')
COMMIT
DISCONNECT
/*C32*/SET SCHEMA PUBLIC
DROP TABLE IF EXISTS CtaCte
DROP TABLE IF EXISTS Usuario
CREATE TABLE IF NOT EXISTS Usuario (IdUsuario varchar(50), Contrase\u00f1a varchar(200), PRIMARY KEY (IdUsuario))
CREATE TABLE IF NOT EXISTS CtaCte (Deudor varchar(50), Acreedor varchar(50), Importe float, FOREIGN KEY(Deudor) REFERENCES Usuario(IdUsuario) , FOREIGN KEY(Acreedor) REFERENCES Usuario(IdUsuario))
DISCONNECT
/*C33*/SET SCHEMA PUBLIC
INSERT INTO USUARIO VALUES('@delucas','123456')
COMMIT
INSERT INTO USUARIO VALUES('@juan','123456')
COMMIT
INSERT INTO USUARIO VALUES('@maria','123456')
COMMIT
DISCONNECT
/*C34*/SET SCHEMA PUBLIC
DROP TABLE IF EXISTS CtaCte
DROP TABLE IF EXISTS Usuario
CREATE TABLE IF NOT EXISTS Usuario (IdUsuario varchar(50), Contrase\u00f1a varchar(200), PRIMARY KEY (IdUsuario))
CREATE TABLE IF NOT EXISTS CtaCte (Deudor varchar(50), Acreedor varchar(50), Importe float, FOREIGN KEY(Deudor) REFERENCES Usuario(IdUsuario) , FOREIGN KEY(Acreedor) REFERENCES Usuario(IdUsuario))
DISCONNECT
/*C35*/SET SCHEMA PUBLIC
INSERT INTO USUARIO VALUES('@delucas','123456')
COMMIT
INSERT INTO USUARIO VALUES('@juan','123456')
COMMIT
INSERT INTO USUARIO VALUES('@maria','123456')
COMMIT
DISCONNECT
/*C36*/SET SCHEMA PUBLIC
DROP TABLE IF EXISTS CtaCte
DROP TABLE IF EXISTS Usuario
CREATE TABLE IF NOT EXISTS Usuario (IdUsuario varchar(50), Contrase\u00f1a varchar(200), PRIMARY KEY (IdUsuario))
CREATE TABLE IF NOT EXISTS CtaCte (Deudor varchar(50), Acreedor varchar(50), Importe float, FOREIGN KEY(Deudor) REFERENCES Usuario(IdUsuario) , FOREIGN KEY(Acreedor) REFERENCES Usuario(IdUsuario))
DISCONNECT
/*C37*/SET SCHEMA PUBLIC
INSERT INTO USUARIO VALUES('@delucas','123456')
COMMIT
INSERT INTO USUARIO VALUES('@juan','123456')
COMMIT
INSERT INTO USUARIO VALUES('@maria','123456')
COMMIT
DISCONNECT
/*C38*/SET SCHEMA PUBLIC
DROP TABLE IF EXISTS CtaCte
DROP TABLE IF EXISTS Usuario
CREATE TABLE IF NOT EXISTS Usuario (IdUsuario varchar(50), Contrase\u00f1a varchar(200), PRIMARY KEY (IdUsuario))
CREATE TABLE IF NOT EXISTS CtaCte (Deudor varchar(50), Acreedor varchar(50), Importe float, FOREIGN KEY(Deudor) REFERENCES Usuario(IdUsuario) , FOREIGN KEY(Acreedor) REFERENCES Usuario(IdUsuario))
DISCONNECT
/*C39*/SET SCHEMA PUBLIC
INSERT INTO USUARIO VALUES('@delucas','123456')
COMMIT
INSERT INTO USUARIO VALUES('@juan','123456')
COMMIT
INSERT INTO USUARIO VALUES('@maria','123456')
COMMIT
DISCONNECT
/*C40*/SET SCHEMA PUBLIC
DROP TABLE IF EXISTS CtaCte
DROP TABLE IF EXISTS Usuario
CREATE TABLE IF NOT EXISTS Usuario (IdUsuario varchar(50), Contrase\u00f1a varchar(200), PRIMARY KEY (IdUsuario))
CREATE TABLE IF NOT EXISTS CtaCte (Deudor varchar(50), Acreedor varchar(50), Importe float, FOREIGN KEY(Deudor) REFERENCES Usuario(IdUsuario) , FOREIGN KEY(Acreedor) REFERENCES Usuario(IdUsuario))
DISCONNECT
/*C41*/SET SCHEMA PUBLIC
INSERT INTO USUARIO VALUES('@delucas','123456')
COMMIT
INSERT INTO USUARIO VALUES('@juan','123456')
COMMIT
INSERT INTO USUARIO VALUES('@maria','123456')
COMMIT
DISCONNECT
/*C42*/SET SCHEMA PUBLIC
DROP TABLE IF EXISTS CtaCte
DROP TABLE IF EXISTS Usuario
CREATE TABLE IF NOT EXISTS Usuario (IdUsuario varchar(50), Contrase\u00f1a varchar(200), PRIMARY KEY (IdUsuario))
CREATE TABLE IF NOT EXISTS CtaCte (Deudor varchar(50), Acreedor varchar(50), Importe float, FOREIGN KEY(Deudor) REFERENCES Usuario(IdUsuario) , FOREIGN KEY(Acreedor) REFERENCES Usuario(IdUsuario))
DISCONNECT
/*C43*/SET SCHEMA PUBLIC
INSERT INTO USUARIO VALUES('@delucas','123456')
COMMIT
INSERT INTO USUARIO VALUES('@juan','123456')
COMMIT
INSERT INTO USUARIO VALUES('@maria','123456')
COMMIT
DISCONNECT
/*C44*/SET SCHEMA PUBLIC
DROP TABLE IF EXISTS CtaCte
DROP TABLE IF EXISTS Usuario
CREATE TABLE IF NOT EXISTS Usuario (IdUsuario varchar(50), Contrase\u00f1a varchar(200), PRIMARY KEY (IdUsuario))
CREATE TABLE IF NOT EXISTS CtaCte (Deudor varchar(50), Acreedor varchar(50), Importe float, FOREIGN KEY(Deudor) REFERENCES Usuario(IdUsuario) , FOREIGN KEY(Acreedor) REFERENCES Usuario(IdUsuario))
DISCONNECT
/*C45*/SET SCHEMA PUBLIC
INSERT INTO USUARIO VALUES('@delucas','123456')
COMMIT
INSERT INTO USUARIO VALUES('@juan','123456')
COMMIT
INSERT INTO USUARIO VALUES('@maria','123456')
COMMIT
DISCONNECT
/*C46*/SET SCHEMA PUBLIC
INSERT INTO CTACTE VALUES('@juan','@delucas',50.0E0)
COMMIT
DISCONNECT
/*C47*/SET SCHEMA PUBLIC
DISCONNECT
/*C48*/SET SCHEMA PUBLIC
INSERT INTO CTACTE VALUES('@delucas','@maria',60.0E0)
COMMIT
DISCONNECT
/*C49*/SET SCHEMA PUBLIC
DISCONNECT
/*C51*/SET SCHEMA PUBLIC
DISCONNECT
/*C52*/SET SCHEMA PUBLIC
DISCONNECT
/*C53*/SET SCHEMA PUBLIC
INSERT INTO CTACTE VALUES('@delucas','@juan',50.0E0)
COMMIT
DISCONNECT
/*C54*/SET SCHEMA PUBLIC
INSERT INTO CTACTE VALUES('@maria','@delucas',50.0E0)
COMMIT
DISCONNECT
/*C55*/SET SCHEMA PUBLIC
INSERT INTO CTACTE VALUES('@juan','@maria',50.0E0)
COMMIT
DISCONNECT
/*C56*/SET SCHEMA PUBLIC
DISCONNECT
/*C57*/SET SCHEMA PUBLIC
DROP TABLE IF EXISTS CtaCte
DROP TABLE IF EXISTS Usuario
CREATE TABLE IF NOT EXISTS Usuario (IdUsuario varchar(50), Contrase\u00f1a varchar(200), PRIMARY KEY (IdUsuario))
CREATE TABLE IF NOT EXISTS CtaCte (Deudor varchar(50), Acreedor varchar(50), Importe float, FOREIGN KEY(Deudor) REFERENCES Usuario(IdUsuario) , FOREIGN KEY(Acreedor) REFERENCES Usuario(IdUsuario))
DISCONNECT
/*C58*/SET SCHEMA PUBLIC
INSERT INTO USUARIO VALUES('@delucas','123456')
COMMIT
INSERT INTO USUARIO VALUES('@juan','123456')
COMMIT
INSERT INTO USUARIO VALUES('@maria','123456')
COMMIT
DISCONNECT
/*C60*/SET SCHEMA PUBLIC
INSERT INTO CTACTE VALUES('@delucas','@delucas',100.0E0)
COMMIT
DISCONNECT
/*C61*/SET SCHEMA PUBLIC
INSERT INTO CTACTE VALUES('@juan','@delucas',100.0E0)
COMMIT
DISCONNECT
/*C62*/SET SCHEMA PUBLIC
INSERT INTO CTACTE VALUES('@maria','@delucas',100.0E0)
COMMIT
DISCONNECT
/*C63*/SET SCHEMA PUBLIC
DISCONNECT
/*C64*/SET SCHEMA PUBLIC
DROP TABLE IF EXISTS CtaCte
DROP TABLE IF EXISTS Usuario
CREATE TABLE IF NOT EXISTS Usuario (IdUsuario varchar(50), Contrase\u00f1a varchar(200), PRIMARY KEY (IdUsuario))
CREATE TABLE IF NOT EXISTS CtaCte (Deudor varchar(50), Acreedor varchar(50), Importe float, FOREIGN KEY(Deudor) REFERENCES Usuario(IdUsuario) , FOREIGN KEY(Acreedor) REFERENCES Usuario(IdUsuario))
DISCONNECT
/*C65*/SET SCHEMA PUBLIC
INSERT INTO USUARIO VALUES('@delucas','123456')
COMMIT
INSERT INTO USUARIO VALUES('@juan','123456')
COMMIT
INSERT INTO USUARIO VALUES('@maria','123456')
COMMIT
DISCONNECT
/*C67*/SET SCHEMA PUBLIC
INSERT INTO CTACTE VALUES('@delucas','@juan',100.0E0)
COMMIT
DISCONNECT
/*C68*/SET SCHEMA PUBLIC
INSERT INTO CTACTE VALUES('@juan','@juan',100.0E0)
COMMIT
DISCONNECT
/*C69*/SET SCHEMA PUBLIC
INSERT INTO CTACTE VALUES('@maria','@juan',100.0E0)
COMMIT
DISCONNECT
/*C70*/SET SCHEMA PUBLIC
DISCONNECT
/*C71*/SET SCHEMA PUBLIC
DROP TABLE IF EXISTS CtaCte
DROP TABLE IF EXISTS Usuario
CREATE TABLE IF NOT EXISTS Usuario (IdUsuario varchar(50), Contrase\u00f1a varchar(200), PRIMARY KEY (IdUsuario))
CREATE TABLE IF NOT EXISTS CtaCte (Deudor varchar(50), Acreedor varchar(50), Importe float, FOREIGN KEY(Deudor) REFERENCES Usuario(IdUsuario) , FOREIGN KEY(Acreedor) REFERENCES Usuario(IdUsuario))
DISCONNECT
/*C72*/SET SCHEMA PUBLIC
INSERT INTO USUARIO VALUES('@delucas','123456')
COMMIT
INSERT INTO USUARIO VALUES('@juan','123456')
COMMIT
INSERT INTO USUARIO VALUES('@maria','123456')
COMMIT
DISCONNECT
/*C73*/SET SCHEMA PUBLIC
INSERT INTO CTACTE VALUES('@juan','@delucas',500.0E0)
COMMIT
DISCONNECT
/*C74*/SET SCHEMA PUBLIC
DISCONNECT
/*C75*/SET SCHEMA PUBLIC
INSERT INTO CTACTE VALUES('@delucas','@juan',501.0E0)
COMMIT
DISCONNECT
/*C76*/SET SCHEMA PUBLIC
DISCONNECT
/*C77*/SET SCHEMA PUBLIC
DISCONNECT
/*C78*/SET SCHEMA PUBLIC
INSERT INTO CTACTE VALUES('@juan','@delucas',10.0E0)
COMMIT
DISCONNECT
/*C79*/SET SCHEMA PUBLIC
DISCONNECT
/*C80*/SET SCHEMA PUBLIC
DISCONNECT
/*C81*/SET SCHEMA PUBLIC
DROP TABLE IF EXISTS CtaCte
DROP TABLE IF EXISTS Usuario
CREATE TABLE IF NOT EXISTS Usuario (IdUsuario varchar(50), Contrase\u00f1a varchar(200), PRIMARY KEY (IdUsuario))
CREATE TABLE IF NOT EXISTS CtaCte (Deudor varchar(50), Acreedor varchar(50), Importe float, FOREIGN KEY(Deudor) REFERENCES Usuario(IdUsuario) , FOREIGN KEY(Acreedor) REFERENCES Usuario(IdUsuario))
DISCONNECT
/*C82*/SET SCHEMA PUBLIC
INSERT INTO USUARIO VALUES('@delucas','123456')
COMMIT
INSERT INTO USUARIO VALUES('@juan','123456')
COMMIT
INSERT INTO USUARIO VALUES('@maria','123456')
COMMIT
DISCONNECT
